2025-01-22 08:28:30,710 - INFO - Memulai scraping data dari halaman utama.
2025-01-22 08:28:38,166 - INFO - Sedang di halaman 1
2025-01-22 08:28:44,166 - INFO - Data ditemukan: UNIVERSITAS NEGERI MALANG, Scopus: 9.147, GScholar: 115.253, Garuda: 21.765
2025-01-22 08:28:56,286 - INFO - Data ditemukan: UNIVERSITAS GADJAH MADA, Scopus: 29.378, GScholar: 219.207, Garuda: 27.996
2025-01-22 08:29:07,910 - INFO - Data ditemukan: UNIVERSITAS AIRLANGGA, Scopus: 20.846, GScholar: 120.980, Garuda: 18.844
2025-01-22 08:29:19,467 - INFO - Data ditemukan: INSTITUT PERTANIAN BOGOR, Scopus: 17.686, GScholar: 167.281, Garuda: 32.300
2025-01-22 08:29:31,942 - INFO - Data ditemukan: UNIVERSITAS INDONESIA, Scopus: 35.869, GScholar: 177.141, Garuda: 20.669
2025-01-22 08:29:44,273 - INFO - Data ditemukan: INSTITUT TEKNOLOGI SEPULUH NOPEMBER, Scopus: 16.956, GScholar: 75.681, Garuda: 14.168
2025-01-22 08:29:58,120 - INFO - Data ditemukan: UNIVERSITAS BRAWIJAYA, Scopus: 15.136, GScholar: 112.089, Garuda: 34.085
2025-01-22 08:30:12,468 - INFO - Data ditemukan: UNIVERSITAS ANDALAS, Scopus: 7.410, GScholar: 69.142, Garuda: 18.230
2025-01-22 08:30:26,263 - INFO - Data ditemukan: INSTITUT TEKNOLOGI BANDUNG, Scopus: 27.187, GScholar: 102.252, Garuda: 7.730
2025-01-22 08:30:38,860 - INFO - Data ditemukan: UNIVERSITAS HASANUDDIN, Scopus: 14.741, GScholar: 97.201, Garuda: 8.063
2025-01-22 08:30:52,209 - INFO - Sedang di halaman 2
2025-01-22 08:30:58,038 - INFO - Data ditemukan: UNIVERSITAS DIPONEGORO, Scopus: 16.193, GScholar: 170.843, Garuda: 42.760
2025-01-22 08:31:09,678 - INFO - Data ditemukan: UNIVERSITAS PADJADJARAN, Scopus: 14.611, GScholar: 115.871, Garuda: 26.202
2025-01-22 08:31:21,467 - INFO - Data ditemukan: UNIVERSITAS SEBELAS MARET, Scopus: 15.274, GScholar: 128.267, Garuda: 14.434
2025-01-22 08:31:32,725 - INFO - Data ditemukan: UNIVERSITAS TELKOM, Scopus: 10.810, GScholar: 71.001, Garuda: 21.311
2025-01-22 08:31:44,197 - INFO - Data ditemukan: UNIVERSITAS MUHAMMADIYAH SURAKARTA, Scopus: 3.424, GScholar: 65.936, Garuda: 15.783
2025-01-22 08:31:55,964 - INFO - Data ditemukan: UNIVERSITAS PENDIDIKAN INDONESIA, Scopus: 8.632, GScholar: 113.488, Garuda: 22.580
2025-01-22 08:32:07,362 - INFO - Data ditemukan: UNIVERSITAS TARUMANAGARA, Scopus: 1.142, GScholar: 30.038, Garuda: 4.990
2025-01-22 08:32:19,458 - INFO - Data ditemukan: UNIVERSITAS NEGERI PADANG, Scopus: 4.965, GScholar: 94.937, Garuda: 37.737
2025-01-22 08:32:30,863 - INFO - Data ditemukan: UNIVERSITAS PAMULANG, Scopus: 817, GScholar: 41.001, Garuda: 9.559
2025-01-22 08:32:42,295 - INFO - Data ditemukan: UNIVERSITAS BINA NUSANTARA, Scopus: 12.370, GScholar: 34.941, Garuda: 2.455
2025-01-22 08:32:54,072 - INFO - Sedang di halaman 3
2025-01-22 08:33:00,031 - INFO - Data ditemukan: UNIVERSITAS SUMATERA UTARA, Scopus: 12.599, GScholar: 109.110, Garuda: 14.126
2025-01-22 08:33:12,107 - INFO - Data ditemukan: UNIVERSITAS NEGERI SEMARANG, Scopus: 5.956, GScholar: 81.665, Garuda: 32.379
2025-01-22 08:33:23,636 - INFO - Data ditemukan: UNIVERSITAS SURABAYA, Scopus: 1.646, GScholar: 13.874, Garuda: 3.023
2025-01-22 08:33:35,270 - INFO - Data ditemukan: UNIVERSITAS NEGERI SURABAYA, Scopus: 4.500, GScholar: 82.678, Garuda: 14.012
2025-01-22 08:33:46,631 - INFO - Data ditemukan: UNIVERSITAS NEGERI JAKARTA, Scopus: 4.431, GScholar: 45.212, Garuda: 11.740
2025-01-22 08:33:58,205 - INFO - Data ditemukan: UNIVERSITAS NEGERI YOGYAKARTA, Scopus: 6.303, GScholar: 79.370, Garuda: 12.930
2025-01-22 08:34:09,746 - INFO - Data ditemukan: UNIVERSITAS JEMBER, Scopus: 5.081, GScholar: 94.415, Garuda: 18.468
2025-01-22 08:34:21,406 - INFO - Data ditemukan: UNIVERSITAS LAMBUNG MANGKURAT, Scopus: 3.175, GScholar: 75.326, Garuda: 15.131
2025-01-22 08:34:32,722 - INFO - Data ditemukan: UNIVERSITAS NEGERI MAKASSAR, Scopus: 2.530, GScholar: 60.548, Garuda: 17.150
2025-01-22 08:34:43,982 - INFO - Data ditemukan: UNIVERSITAS UDAYANA, Scopus: 5.670, GScholar: 109.733, Garuda: 39.196
2025-01-22 08:34:55,505 - INFO - Sedang di halaman 4
2025-01-22 08:35:01,225 - INFO - Data ditemukan: UNIVERSITAS ISLAM NEGERI SUNAN KALIJAGA, Scopus: 1.028, GScholar: 26.890, Garuda: 3.461
2025-01-22 08:35:12,685 - INFO - Data ditemukan: UNIVERSITAS SYIAH KUALA, Scopus: 9.565, GScholar: 70.368, Garuda: 16.701
2025-01-22 08:35:24,152 - INFO - Data ditemukan: UNIVERSITAS MUHAMMADIYAH SURABAYA, Scopus: 672, GScholar: 13.803, Garuda: 2.059
2025-01-22 08:35:35,510 - INFO - Data ditemukan: UNIVERSITAS TANJUNGPURA, Scopus: 1.716, GScholar: 64.903, Garuda: 16.182
2025-01-22 08:35:47,044 - INFO - Data ditemukan: UNIVERSITAS MATARAM, Scopus: 3.060, GScholar: 56.329, Garuda: 11.027
2025-01-22 08:35:58,384 - INFO - Data ditemukan: UNIVERSITAS ISLAM INDONESIA, Scopus: 4.169, GScholar: 37.257, Garuda: 8.482
2025-01-22 08:36:09,672 - INFO - Data ditemukan: UNIVERSITAS JAMBI, Scopus: 1.897, GScholar: 44.239, Garuda: 12.413
2025-01-22 08:36:21,604 - INFO - Data ditemukan: UNIVERSITAS RIAU, Scopus: 4.358, GScholar: 98.224, Garuda: 29.641
2025-01-22 08:36:32,915 - INFO - Data ditemukan: UNIVERSITAS KRISTEN SATYA WACANA, Scopus: 1.397, GScholar: 25.021, Garuda: 10.181
2025-01-22 08:36:44,428 - INFO - Data ditemukan: UNIVERSITAS MUHAMMADIYAH SUMATERA UTARA, Scopus: 814, GScholar: 22.587, Garuda: 7.330
2025-01-22 08:36:56,017 - INFO - Sedang di halaman 5
2025-01-22 08:37:01,719 - INFO - Data ditemukan: UNIVERSITAS MERCU BUANA, Scopus: 2.397, GScholar: 30.512, Garuda: 4.513
2025-01-22 08:37:13,072 - INFO - Data ditemukan: UNIVERSITAS BINA SARANA INFORMATIKA, Scopus: 548, GScholar: 26.745, Garuda: 9.736
2025-01-22 08:37:24,492 - INFO - Data ditemukan: UNIVERSITAS LAMPUNG, Scopus: 4.422, GScholar: 82.375, Garuda: 13.880
2025-01-22 08:37:35,852 - INFO - Data ditemukan: UNIVERSITAS TRISAKTI, Scopus: 2.477, GScholar: 28.725, Garuda: 7.733
2025-01-22 08:37:47,639 - INFO - Data ditemukan: UNIVERSITAS NEGERI MEDAN, Scopus: 2.200, GScholar: 53.313, Garuda: 9.922
2025-01-22 08:37:59,134 - INFO - Data ditemukan: UNIVERSITAS AHMAD DAHLAN, Scopus: 3.215, GScholar: 44.396, Garuda: 11.540
2025-01-22 08:38:10,676 - INFO - Data ditemukan: UNIVERSITAS MUHAMMADIYAH SIDOARJO, Scopus: 676, GScholar: 18.538, Garuda: 8.793
2025-01-22 08:38:22,192 - INFO - Data ditemukan: UNIVERSITAS MUHAMMADIYAH YOGYAKARTA, Scopus: 3.462, GScholar: 32.522, Garuda: 6.755
2025-01-22 08:38:33,758 - INFO - Data ditemukan: UNIVERSITAS SRIWIJAYA, Scopus: 6.036, GScholar: 117.422, Garuda: 16.242
2025-01-22 08:38:44,967 - INFO - Data ditemukan: UNIVERSITAS ISLAM MALANG, Scopus: 550, GScholar: 32.910, Garuda: 10.174
2025-01-22 08:38:56,603 - INFO - Sedang di halaman 6
2025-01-22 08:39:02,390 - INFO - Data ditemukan: UNIVERSITAS NEGERI GORONTALO, Scopus: 1.113, GScholar: 41.129, Garuda: 9.669
2025-01-22 08:39:14,141 - INFO - Data ditemukan: UNIVERSITAS MUHAMMADIYAH MALANG, Scopus: 2.310, GScholar: 35.829, Garuda: 12.431
2025-01-22 08:39:25,848 - INFO - Data ditemukan: UNIVERSITAS ISLAM NEGERI SUMATERA UTARA, Scopus: 486, GScholar: 48.933, Garuda: 16.335
2025-01-22 08:39:37,438 - INFO - Data ditemukan: UNIVERSITAS MULAWARMAN, Scopus: 2.926, GScholar: 50.425, Garuda: 12.513
2025-01-22 08:39:49,209 - INFO - Data ditemukan: BADAN RISET DAN INOVASI NASIONAL, Scopus: 23.461, GScholar: 155.335, Garuda: 4.062
2025-01-22 08:40:00,520 - INFO - Data ditemukan: UNIVERSITAS PENDIDIKAN GANESHA, Scopus: 1.322, GScholar: 54.748, Garuda: 32.985
2025-01-22 08:40:12,209 - INFO - Data ditemukan: UNIVERSITAS ISLAM NEGERI SUNAN GUNUNG DJATI, Scopus: 2.231, GScholar: 38.165, Garuda: 7.044
2025-01-22 08:40:23,771 - INFO - Data ditemukan: UNIVERSITAS SAM RATULANGI, Scopus: 2.021, GScholar: 47.889, Garuda: 11.990
2025-01-22 08:40:35,238 - INFO - Data ditemukan: UNIVERSITAS JENDERAL SOEDIRMAN, Scopus: 3.706, GScholar: 39.233, Garuda: 7.577
2025-01-22 08:40:46,773 - INFO - Data ditemukan: UNIVERSITAS PAKUAN, Scopus: 922, GScholar: 16.168, Garuda: 4.824
2025-01-22 08:40:58,614 - INFO - Sedang di halaman 7
2025-01-22 08:41:04,430 - INFO - Data ditemukan: UNIVERSITAS IBN KHALDUN BOGOR, Scopus: 640, GScholar: 12.936, Garuda: 6.295
2025-01-22 08:41:15,696 - INFO - Data ditemukan: UNIVERSITAS DJUANDA, Scopus: 475, GScholar: 12.277, Garuda: 4.229
2025-01-22 08:41:27,189 - INFO - Data ditemukan: UNIVERSITAS 17 AGUSTUS 1945 SURABAYA, Scopus: 362, GScholar: 16.379, Garuda: 3.336
2025-01-22 08:41:38,699 - INFO - Data ditemukan: UNIVERSITAS ISLAM NEGERI SYARIF HIDAYATULLAH JAKARTA, Scopus: 3.069, GScholar: 61.758, Garuda: 8.178
2025-01-22 08:41:50,097 - INFO - Data ditemukan: UNIVERSITAS HALU OLEO, Scopus: 2.863, GScholar: 45.409, Garuda: 10.368
2025-01-22 08:42:01,495 - INFO - Data ditemukan: UNIVERSITAS ISLAM BANDUNG, Scopus: 892, GScholar: 33.085, Garuda: 8.056
2025-01-22 08:42:12,783 - INFO - Data ditemukan: UNIVERSITAS BENGKULU, Scopus: 1.980, GScholar: 57.500, Garuda: 6.109
2025-01-22 08:42:23,964 - INFO - Data ditemukan: UNIVERSITAS CENDERAWASIH, Scopus: 611, GScholar: 11.023, Garuda: 2.816
2025-01-22 08:42:35,114 - INFO - Data ditemukan: UNIVERSITAS PANCASILA, Scopus: 1.303, GScholar: 15.269, Garuda: 2.699
2025-01-22 08:42:46,533 - INFO - Data ditemukan: UNIVERSITAS PEMBANGUNAN NASIONAL VETERAN JAWA TIMUR, Scopus: 1.297, GScholar: 32.621, Garuda: 8.036
2025-01-22 08:42:58,738 - INFO - Sedang di halaman 8
2025-01-22 08:43:04,458 - INFO - Data ditemukan: UNIVERSITAS MUHAMMADIYAH JAKARTA, Scopus: 692, GScholar: 18.981, Garuda: 4.158
2025-01-22 08:43:15,858 - INFO - Data ditemukan: UNIVERSITAS NEGERI MANADO, Scopus: 749, GScholar: 18.819, Garuda: 4.878
2025-01-22 08:43:27,276 - INFO - Data ditemukan: UNIVERSITAS SINGAPERBANGSA KARAWANG, Scopus: 651, GScholar: 19.712, Garuda: 8.904
2025-01-22 08:43:38,901 - INFO - Data ditemukan: UNIVERSITAS MAHASARASWATI DENPASAR, Scopus: 437, GScholar: 16.137, Garuda: 5.050
2025-01-22 08:43:50,414 - INFO - Data ditemukan: UNIVERSITAS TRUNOJOYO, Scopus: 1.293, GScholar: 21.384, Garuda: 3.979
2025-01-22 08:44:01,812 - INFO - Data ditemukan: UNIVERSITAS PATTIMURA, Scopus: 1.450, GScholar: 24.299, Garuda: 4.506
2025-01-22 08:44:13,695 - INFO - Data ditemukan: UNIVERSITAS MUHAMMADIYAH PROF DR HAMKA, Scopus: 2.059, GScholar: 14.000, Garuda: 9.206
2025-01-22 08:44:25,039 - INFO - Data ditemukan: UNIVERSITAS MUSLIM INDONESIA, Scopus: 1.208, GScholar: 27.577, Garuda: 6.517
2025-01-22 08:44:36,216 - INFO - Data ditemukan: UNIVERSITAS PELITA HARAPAN, Scopus: 1.877, GScholar: 18.633, Garuda: 4.054
2025-01-22 08:44:47,637 - INFO - Data ditemukan: UNIVERSITAS ISLAM SULTAN AGUNG, Scopus: 1.223, GScholar: 21.926, Garuda: 3.314
2025-01-22 08:44:58,923 - INFO - Sedang di halaman 9
2025-01-22 08:45:04,581 - INFO - Data ditemukan: UNIVERSITAS NASIONAL, Scopus: 1.073, GScholar: 14.698, Garuda: 3.592
2025-01-22 08:45:15,920 - INFO - Data ditemukan: UNIVERSITAS ALMA ATA, Scopus: 271, GScholar: 5.784, Garuda: 1.202
2025-01-22 08:45:27,719 - INFO - Data ditemukan: UNIVERSITAS PASUNDAN, Scopus: 663, GScholar: 22.416, Garuda: 3.106
2025-01-22 08:45:39,272 - INFO - Data ditemukan: UNIVERSITAS KATOLIK WIDYA MANDALA SURABAYA, Scopus: 1.056, GScholar: 10.451, Garuda: 2.356
2025-01-22 08:45:50,911 - INFO - Data ditemukan: UNIVERSITAS MALIKUSSALEH, Scopus: 1.209, GScholar: 21.330, Garuda: 6.429
2025-01-22 08:46:02,310 - INFO - Data ditemukan: UNIVERSITAS ISLAM RIAU, Scopus: 996, GScholar: 19.206, Garuda: 4.137
2025-01-22 08:46:13,497 - INFO - Data ditemukan: UNIVERSITAS BUNDA MULIA, Scopus: 307, GScholar: 4.460, Garuda: 1.620
2025-01-22 08:46:24,747 - INFO - Data ditemukan: UNIVERSITAS TERBUKA, Scopus: 1.048, GScholar: 25.642, Garuda: 4.072
2025-01-22 08:46:36,305 - INFO - Data ditemukan: UNIVERSITAS SULTAN AGENG TIRTAYASA, Scopus: 1.966, GScholar: 33.656, Garuda: 8.275
2025-01-22 08:46:47,715 - INFO - Data ditemukan: POLITEKNIK NEGERI MALANG, Scopus: 1.438, GScholar: 21.266, Garuda: 4.088
2025-01-22 08:46:59,488 - INFO - Sedang di halaman 10
2025-01-22 08:47:05,172 - INFO - Data ditemukan: UNIVERSITAS WARMADEWA, Scopus: 634, GScholar: 15.638, Garuda: 3.146
2025-01-22 08:47:16,804 - INFO - Data ditemukan: UNIVERSITAS NAHDLATUL ULAMA SURABAYA, Scopus: 1.133, GScholar: 11.827, Garuda: 3.160
2025-01-22 08:47:28,317 - INFO - Data ditemukan: UNIVERSITAS CIPUTRA SURABAYA, Scopus: 777, GScholar: 14.534, Garuda: 2.776
2025-01-22 08:47:39,763 - INFO - Data ditemukan: POLITEKNIK NEGERI BANDUNG, Scopus: 1.153, GScholar: 9.981, Garuda: 3.157
2025-01-22 08:47:51,464 - INFO - Data ditemukan: UNIVERSITAS TADULAKO, Scopus: 2.674, GScholar: 41.610, Garuda: 11.928
2025-01-22 08:48:02,780 - INFO - Data ditemukan: UNIVERSITAS PEMBANGUNAN NASIONAL VETERAN JAKARTA, Scopus: 1.426, GScholar: 25.360, Garuda: 6.382
2025-01-22 08:48:14,278 - INFO - Data ditemukan: UNIVERSITAS MUHAMMADIYAH MAKASSAR, Scopus: 651, GScholar: 20.740, Garuda: 4.164
2025-01-22 08:48:25,874 - INFO - Data ditemukan: UNIVERSITAS PGRI SEMARANG, Scopus: 572, GScholar: 22.580, Garuda: 7.474
2025-01-22 08:48:37,314 - INFO - Data ditemukan: UNIVERSITAS MUHAMMADIYAH MAGELANG, Scopus: 445, GScholar: 6.439, Garuda: 2.892
2025-01-22 08:48:49,225 - INFO - Data ditemukan: UNIVERSITAS ADIWANGSA JAMBI, Scopus: 39, GScholar: 1.528, Garuda: 842
2025-01-22 08:49:00,834 - INFO - Sedang di halaman 11
2025-01-22 08:49:06,553 - INFO - Data ditemukan: POLITEKNIK ELEKTRONIKA NEGERI SURABAYA, Scopus: 2.163, GScholar: 8.407, Garuda: 1.545
2025-01-22 08:49:18,368 - INFO - Data ditemukan: UNIVERSITAS KATOLIK INDONESIA ATMA JAYA, Scopus: 1.936, GScholar: 15.196, Garuda: 2.253
2025-01-22 08:49:29,731 - INFO - Data ditemukan: INSTITUT TEKNOLOGI SUMATERA, Scopus: 2.334, GScholar: 10.496, Garuda: 2.248
2025-01-22 08:49:41,105 - INFO - Data ditemukan: UNIVERSITAS MULTIMEDIA NUSANTARA JAKARTA, Scopus: 1.015, GScholar: 6.466, Garuda: 734
2025-01-22 08:49:52,703 - INFO - Data ditemukan: UNIVERSITAS PALANGKA RAYA, Scopus: 882, GScholar: 16.504, Garuda: 4.598
2025-01-22 08:50:04,132 - INFO - Data ditemukan: UNIVERSITAS MUHAMMADIYAH PURWOKERTO, Scopus: 735, GScholar: 13.288, Garuda: 3.726
2025-01-22 08:50:15,524 - INFO - Data ditemukan: UNIVERSITAS BUANA PERJUANGAN KARAWANG, Scopus: 313, GScholar: 9.425, Garuda: 2.235
2025-01-22 08:50:26,925 - INFO - Data ditemukan: UNIVERSITAS PEMBANGUNAN PANCA BUDI, Scopus: 416, GScholar: 11.127, Garuda: 4.031
2025-01-22 08:50:38,449 - INFO - Data ditemukan: UNIVERSITAS GUNADARMA, Scopus: 1.283, GScholar: 22.144, Garuda: 3.746
2025-01-22 08:50:49,980 - INFO - Data ditemukan: UNIVERSITAS MUSLIM NUSANTARA AL-WASHLIYAH, Scopus: 171, GScholar: 8.729, Garuda: 2.913
2025-01-22 08:51:01,608 - INFO - Sedang di halaman 12
2025-01-22 08:51:07,336 - INFO - Data ditemukan: UNIVERSITAS BHAYANGKARA JAKARTA RAYA, Scopus: 691, GScholar: 23.926, Garuda: 5.278
2025-01-22 08:51:18,577 - INFO - Data ditemukan: UNIVERSITAS SEMARANG, Scopus: 451, GScholar: 9.579, Garuda: 2.477
2025-01-22 08:51:30,351 - INFO - Data ditemukan: UNIVERSITAS SILIWANGI, Scopus: 695, GScholar: 13.494, Garuda: 2.830
2025-01-22 08:51:41,861 - INFO - Data ditemukan: UNIVERSITAS ISLAM NEGERI MAULANA MALIK IBRAHIM MALANG, Scopus: 1.490, GScholar: 26.823, Garuda: 4.785
2025-01-22 08:51:53,235 - INFO - Data ditemukan: UNIVERSITAS NAHDLATUL ULAMA SIDOARJO, Scopus: 128, GScholar: 2.114, Garuda: 737
2025-01-22 08:52:04,502 - INFO - Data ditemukan: UNIVERSITAS BORNEO TARAKAN, Scopus: 408, GScholar: 7.553, Garuda: 2.653
2025-01-22 08:52:15,706 - INFO - Data ditemukan: UNIVERSITAS PELITA BANGSA, Scopus: 129, GScholar: 5.764, Garuda: 2.328
2025-01-22 08:52:27,158 - INFO - Data ditemukan: UNIVERSITAS INTERNASIONAL BATAM, Scopus: 160, GScholar: 7.509, Garuda: 3.115
2025-01-22 08:52:38,633 - INFO - Data ditemukan: UNIVERSITAS WAHID HASYIM, Scopus: 280, GScholar: 7.480, Garuda: 2.387
2025-01-22 08:52:49,985 - INFO - Data ditemukan: UNIVERSITAS ESA UNGGUL, Scopus: 915, GScholar: 23.342, Garuda: 4.119
2025-01-22 08:53:02,113 - INFO - Sedang di halaman 13
2025-01-22 08:53:08,138 - INFO - Data ditemukan: UNIVERSITAS JENDERAL ACHMAD YANI, Scopus: 1.151, GScholar: 16.874, Garuda: 1.400
2025-01-22 08:53:19,810 - INFO - Data ditemukan: UNIVERSITAS DARUSSALAM GONTOR, Scopus: 221, GScholar: 6.280, Garuda: 2.705
2025-01-22 08:53:31,259 - INFO - Data ditemukan: UNIVERSITAS DIAN NUSWANTORO, Scopus: 1.365, GScholar: 14.835, Garuda: 3.459
2025-01-22 08:53:42,809 - INFO - Data ditemukan: UNIVERSITAS MUHAMMADIYAH SEMARANG, Scopus: 866, GScholar: 14.361, Garuda: 3.093
2025-01-22 08:53:54,515 - INFO - Data ditemukan: UNIVERSITAS SULAWESI BARAT, Scopus: 509, GScholar: 9.258, Garuda: 2.385
2025-01-22 08:54:05,891 - INFO - Data ditemukan: INSTITUT TEKNOLOGI GARUT, Scopus: 215, GScholar: 2.818, Garuda: 2.108
2025-01-22 08:54:17,394 - INFO - Data ditemukan: UNIVERSITAS PERTAHANAN RI, Scopus: 1.161, GScholar: 15.370, Garuda: 1.775
2025-01-22 08:54:29,048 - INFO - Data ditemukan: UNIVERSITAS MUHAMMADIYAH KALIMANTAN TIMUR, Scopus: 367, GScholar: 6.892, Garuda: 1.714
2025-01-22 08:54:42,366 - INFO - Data ditemukan: UNIVERSITAS SAMUDRA, Scopus: 523, GScholar: 8.608, Garuda: 2.837
2025-01-22 08:54:54,257 - INFO - Data ditemukan: UNIVERSITAS NUSA CENDANA, Scopus: 1.085, GScholar: 24.519, Garuda: 4.978
2025-01-22 08:55:06,083 - INFO - Sedang di halaman 14
2025-01-22 08:55:12,060 - INFO - Data ditemukan: POLTEKKES KEMENKES SEMARANG, Scopus: 355, GScholar: 13.469, Garuda: 2.280
2025-01-22 08:55:23,691 - INFO - Data ditemukan: UNIVERSITAS MAARIF HASYIM LATIF, Scopus: 176, GScholar: 2.983, Garuda: 460
2025-01-22 08:55:35,673 - INFO - Data ditemukan: UNIVERSITAS ISLAM NEGERI RADEN INTAN LAMPUNG, Scopus: 693, GScholar: 17.749, Garuda: 6.010
