2025-01-19 15:32:45,345 - INFO - Memulai scraping data dari halaman utama.
2025-01-19 15:33:00,510 - INFO - 149 kampus ditemukan untuk jurusan "Sistem Informasi"
2025-01-19 15:33:00,550 - INFO - Data ditemukan: Universitas Kristen Krida…Wacana (Ukrida)
2025-01-19 15:33:00,550 - INFO - Data ditemukan: Universitas Kristen…Maranatha
2025-01-19 15:33:00,551 - INFO - Data ditemukan: Universitas Prasetiya…Mulya
2025-01-19 15:33:00,551 - INFO - Data ditemukan: Universitas Atma Jaya…Yogyakarta (UAJY)
2025-01-19 15:33:00,551 - INFO - Data ditemukan: Universitas Esa Unggul (UEU)
2025-01-19 15:33:00,551 - INFO - Data ditemukan: Universitas Nasional
2025-01-19 15:33:00,552 - INFO - Data ditemukan: Universitas Kristen Duta…Wacana
2025-01-19 15:33:00,552 - INFO - Data ditemukan: Sekolah Tinggi Manajemen…Informatika dan Komputer Jakarta STI&K
2025-01-19 15:33:00,552 - INFO - Data ditemukan: Universitas Advent…Indonesia
2025-01-19 15:33:00,553 - INFO - Data ditemukan: Universitas Katolik…Soegijapranata
2025-01-19 15:33:00,553 - INFO - Data ditemukan: Universitas Budi Luhur…(UBL)
2025-01-19 15:33:00,553 - INFO - Data ditemukan: Universitas Bunda Mulia…(UBM)
2025-01-19 15:33:00,553 - INFO - Data ditemukan: Universitas Satya Negara…Indonesia
2025-01-19 15:33:00,553 - INFO - Data ditemukan: Universitas Surabaya…(UBAYA)
2025-01-19 15:33:00,554 - INFO - Data ditemukan: Universitas Nusa Mandiri
2025-01-19 15:33:00,554 - INFO - Data ditemukan: Bina Insani University
2025-01-19 15:33:00,554 - INFO - Data ditemukan: Universitas Kristen Petra
2025-01-19 15:33:00,554 - INFO - Data ditemukan: Sampoerna University
2025-01-19 15:33:00,554 - INFO - Data ditemukan: Universitas Mohammad…Husni Thamrin Jakarta
2025-01-19 15:33:00,555 - INFO - Data ditemukan: Institut Teknologi dan…Bisnis Ahmad Dahlan
2025-01-19 15:33:00,555 - INFO - Data ditemukan: Universitas Dirgantara…Marsekal Suryadarma
2025-01-19 15:33:00,555 - INFO - Data ditemukan: Universitas Trilogi
2025-01-19 15:33:00,555 - INFO - Data ditemukan: Institut Teknologi…Budi Utomo
2025-01-19 15:33:00,556 - INFO - Data ditemukan: Universitas BSI
2025-01-19 15:33:00,556 - INFO - Data ditemukan: Universitas Semarang
2025-01-19 15:33:00,557 - INFO - Data ditemukan: Universitas Katolik…Indonesia Atma Jaya
2025-01-19 15:33:00,557 - INFO - Data ditemukan: Institut Teknologi…Sepuluh November (ITS)
2025-01-19 15:33:00,557 - INFO - Data ditemukan: Universitas Jember (Unej)
2025-01-19 15:33:00,557 - INFO - Data ditemukan: Institut Teknologi…Kalimantan (ITK)
2025-01-19 15:33:00,558 - INFO - Data ditemukan: Universitas Lampung…(Unila)
2025-01-19 15:33:00,558 - INFO - Data ditemukan: Universitas Sriwijaya…(Unsri)
2025-01-19 15:33:00,558 - INFO - Data ditemukan: Universitas Riau (Unri)
2025-01-19 15:33:00,558 - INFO - Data ditemukan: Universitas Islam Negeri…Ar-Raniry Banda Aceh
2025-01-19 15:33:00,559 - INFO - Data ditemukan: Universitas Terbuka (UT)
2025-01-19 15:33:00,559 - INFO - Data ditemukan: Universitas Andalas…(Unand)
2025-01-19 15:33:00,559 - INFO - Data ditemukan: Universitas Islam Negeri…Sunan Ampel
2025-01-19 15:33:00,559 - INFO - Data ditemukan: Universitas Brawijaya (UB)
2025-01-19 15:33:00,560 - INFO - Data ditemukan: Universitas Malikussaleh
2025-01-19 15:33:00,560 - INFO - Data ditemukan: Universitas Mulawarman…(Unmul)
2025-01-19 15:33:00,560 - INFO - Data ditemukan: Universitas Diponegoro…(Undip)
2025-01-19 15:33:00,560 - INFO - Data ditemukan: Politeknik Negeri…Malang (Polinema)
2025-01-19 15:33:00,560 - INFO - Data ditemukan: Universitas Cenderawasih…(Uncen)
2025-01-19 15:33:00,561 - INFO - Data ditemukan: Universitas Negeri…Surabaya (Unesa)
2025-01-19 15:33:00,561 - INFO - Data ditemukan: Universitas Trunojoyo
2025-01-19 15:33:00,561 - INFO - Data ditemukan: Universitas Sumatera…Utara (USU)
2025-01-19 15:33:00,561 - INFO - Data ditemukan: Universitas Hasanuddin…(Unhas)
2025-01-19 15:33:00,562 - INFO - Data ditemukan: Politeknik Negeri Nusa…Utara
2025-01-19 15:33:00,562 - INFO - Data ditemukan: Universitas Indonesia (UI)
2025-01-19 15:33:00,562 - INFO - Data ditemukan: Institut Teknologi…Bandung (ITB)
2025-01-19 15:33:00,562 - INFO - Data ditemukan: Universitas Pembangunan…Nasional Veteran Jakarta
2025-01-19 15:33:00,563 - INFO - Data ditemukan: Universitas Airlangga…(Unair)
2025-01-19 15:33:00,563 - INFO - Data ditemukan: Universitas Negeri…Jakarta (UNJ)
2025-01-19 15:33:00,563 - INFO - Data ditemukan: Universitas Gadjah Mada…(UGM)
2025-01-19 15:33:00,564 - INFO - Data ditemukan: Universitas Tanjungpura…(Untan)
2025-01-19 15:33:00,564 - INFO - Data ditemukan: Universitas Negeri…Semarang (Unnes)
2025-01-19 15:33:00,564 - INFO - Data ditemukan: Universitas Bengkulu
2025-01-19 15:33:00,565 - INFO - Data ditemukan: Institut Teknologi…Telkom Purwokerto (ITTP)
2025-01-19 15:33:00,565 - INFO - Data ditemukan: Kalbis Institute
2025-01-19 15:33:00,565 - INFO - Data ditemukan: Universitas Internasional…Semen Indonesia (UISI)
2025-01-19 15:33:00,566 - INFO - Data ditemukan: Institut Teknologi PLN
2025-01-19 15:33:00,566 - INFO - Data ditemukan: Binus University
2025-01-19 15:33:00,566 - INFO - Data ditemukan: Universitas Dian…Nuswantoro (Udinus)
2025-01-19 15:33:00,567 - INFO - Data ditemukan: Universitas Dinamika…(Undika)
2025-01-19 15:33:00,567 - INFO - Data ditemukan: Universitas Pembangunan…Jaya (UPJ)
2025-01-19 15:33:00,567 - INFO - Data ditemukan: President University (PU)
2025-01-19 15:33:00,567 - INFO - Data ditemukan: Universitas Ahmad…Dahlan (UAD)
2025-01-19 15:33:00,567 - INFO - Data ditemukan: Institut Teknologi…Telkom Surabaya (ITTS)
2025-01-19 15:33:00,568 - INFO - Data ditemukan: Institut Teknologi…Telkom Jakarta (ITTJ)
2025-01-19 15:33:00,568 - INFO - Data ditemukan: Universitas Respati…Yogyakarta (UNRIYO)
2025-01-19 15:33:00,568 - INFO - Data ditemukan: Universitas Teknokrat…Indonesia (UTI)
2025-01-19 15:33:00,568 - INFO - Data ditemukan: Universitas Telkom (Tel-U)
2025-01-19 15:33:00,569 - INFO - Data ditemukan: Politeknik STMI Jakarta
2025-01-19 15:33:00,569 - INFO - Data ditemukan: Universitas Merdeka…Malang
2025-01-19 15:33:00,570 - INFO - Data ditemukan: UPN Veteran Jawa Timur
2025-01-19 15:33:00,570 - INFO - Data ditemukan: Universitas Tarumanagara…(Untar)
2025-01-19 15:33:00,571 - INFO - Data ditemukan: Universitas Nusantara…PGRI Kediri
2025-01-19 15:33:00,571 - INFO - Data ditemukan: Universitas Mercu Buana…(UMB)
2025-01-19 15:33:00,571 - INFO - Data ditemukan: Universitas Respati…Indonesia
2025-01-19 15:33:00,572 - INFO - Data ditemukan: Universitas Krisnadwipayana…(UNKRIS)
2025-01-19 15:33:00,572 - INFO - Data ditemukan: University of Melbourne…(Australia)
2025-01-19 15:33:00,573 - INFO - Data ditemukan: Universitas Muhammadiyah…Bengkulu
2025-01-19 15:33:00,573 - INFO - Data ditemukan: Universitas Multimedia…Nusantara
2025-01-19 15:33:00,575 - INFO - Data ditemukan: Institut Bisnis Nusantara…(IBN)
2025-01-19 15:33:00,575 - INFO - Data ditemukan: Universitas Gunadarma
2025-01-19 15:33:00,576 - INFO - Data ditemukan: Universitas Widyatama
2025-01-19 15:33:00,576 - INFO - Data ditemukan: National University of…Singapore (NUS)
2025-01-19 15:33:00,576 - INFO - Data ditemukan: Sekolah Tinggi Manajemen…Informatika dan Komputer AKAKOM
2025-01-19 15:33:00,577 - INFO - Data ditemukan: Universitas Islam…Kalimantan Muhammad Arsyad Al-Banjari Banjarmasin
2025-01-19 15:33:00,577 - INFO - Data ditemukan: Universitas Yapis Papua
2025-01-19 15:33:00,577 - INFO - Data ditemukan: Sekolah Tinggi Teknik Harapan
2025-01-19 15:33:00,577 - INFO - Data ditemukan: Sekolah Tinggi Manajemen…Informatika dan Komputer (STMIK) Mercusuar
2025-01-19 15:33:00,578 - INFO - Data ditemukan: Universitas Alma Ata
2025-01-19 15:33:00,578 - INFO - Data ditemukan: Institut Teknologi…Harapan Bangsa
2025-01-19 15:33:00,578 - INFO - Data ditemukan: STMIK Indonesia
2025-01-19 15:33:00,578 - INFO - Data ditemukan: Universitas Serang Raya
2025-01-19 15:33:00,579 - INFO - Data ditemukan: Universitas Buddhi Dharma
2025-01-19 15:33:00,579 - INFO - Data ditemukan: Universitas Islam Negeri…Syarif Hidayatullah Jakarta
2025-01-19 15:33:00,579 - INFO - Data ditemukan: Universitas Islam Negeri…Raden Fatah Palembang
2025-01-19 15:33:00,579 - INFO - Data ditemukan: Institut Bisnis dan…Multimedia Asmi
2025-01-19 15:33:00,579 - INFO - Data ditemukan: Sekolah Tinggi Teknologi…Terpadu Nurul Fikri
2025-01-19 15:33:00,580 - INFO - Data ditemukan: Universitas Singaperbangsa…Karawang (Unsika)
2025-01-19 15:33:00,580 - INFO - Data ditemukan: Universitas Islam Negeri…Alauddin Makassar
2025-01-19 15:33:00,580 - INFO - Data ditemukan: Universitas Tanri Abeng
2025-01-19 15:33:00,580 - INFO - Data ditemukan: Institut Teknologi…Nasional (Itenas) Bandung
2025-01-19 15:33:00,580 - INFO - Data ditemukan: Universitas Kristen Satya…Wacana
2025-01-19 15:33:00,581 - INFO - Data ditemukan: Universitas Jambi
2025-01-19 15:33:00,581 - INFO - Data ditemukan: Institut Informatika…dan Bisnis Darmajaya
2025-01-19 15:33:00,581 - INFO - Data ditemukan: BINUS University…International
2025-01-19 15:33:00,581 - INFO - Data ditemukan: Universitas Muhammadiyah…Riau
2025-01-19 15:33:00,581 - INFO - Data ditemukan: AMIK Sultan Agung
2025-01-19 15:33:00,581 - INFO - Data ditemukan: Universitas Islam Negeri…Sumatera Utara
2025-01-19 15:33:00,582 - INFO - Data ditemukan: Universitas Al Asyariah…Mandar
2025-01-19 15:33:00,584 - INFO - Data ditemukan: SSR Jakarta
2025-01-19 15:33:00,584 - INFO - Data ditemukan: Sekolah Tinggi Ilmu…Manajemen Informatika dan Komputer Tarakanita Rahmawati
2025-01-19 15:33:00,585 - INFO - Data ditemukan: Matana University
2025-01-19 15:33:00,585 - INFO - Data ditemukan: Universitas Methodist…Indonesia
2025-01-19 15:33:00,585 - INFO - Data ditemukan: Institut Sains dan Teknologi…Nasional (ISTN)
2025-01-19 15:33:00,586 - INFO - Data ditemukan: Universitas Negeri…Gorontalo
2025-01-19 15:33:00,586 - INFO - Data ditemukan: Sekolah Tinggi Manajemen…Informatika dan Komputer (STMIK) Pranata Indonesia
2025-01-19 15:33:00,586 - INFO - Data ditemukan: ESQ Business School
2025-01-19 15:33:00,586 - INFO - Data ditemukan: Perbanas Institute
2025-01-19 15:33:00,586 - INFO - Data ditemukan: Sekolah Tinggi Manajemen…Informatika dan Komputer Insan Pembangunan
2025-01-19 15:33:00,586 - INFO - Data ditemukan: Pradita Institute
2025-01-19 15:33:00,587 - INFO - Data ditemukan: Tsinghua University…(China)
2025-01-19 15:33:00,587 - INFO - Data ditemukan: Sekolah Tinggi Manajemen…Informatika dan Komputer Widuri
2025-01-19 15:33:00,587 - INFO - Data ditemukan: Institut Sains dan Teknologi…Al-Kamal
2025-01-19 15:33:00,587 - INFO - Data ditemukan: Universitas Putra…Indonesia YPTK Padang
2025-01-19 15:33:00,587 - INFO - Data ditemukan: Universitas Pendidikan…Ganesha (Undiksa)
2025-01-19 15:33:00,587 - INFO - Data ditemukan: UPN Veteran Yogyakarta
2025-01-19 15:33:00,588 - INFO - Data ditemukan: Politeknik Negeri…Semarang (Polines)
2025-01-19 15:33:00,588 - INFO - Data ditemukan: Universitas Muria Kudus
2025-01-19 15:33:00,588 - INFO - Data ditemukan: Universitas Komputer…Indonesia (Unikom)
2025-01-19 15:33:00,588 - INFO - Data ditemukan: Universitas Islam Negeri…Sulthan Thaha Saifuddin Jambi
2025-01-19 15:33:00,588 - INFO - Data ditemukan: Universitas Bandar…Lampung
2025-01-19 15:33:00,589 - INFO - Data ditemukan: Universitas Klabat
2025-01-19 15:33:00,589 - INFO - Data ditemukan: Lembaga Pendidikan…Tinggi Y.A.I
2025-01-19 15:33:00,589 - INFO - Data ditemukan: Raffles University…(Malaysia)
2025-01-19 15:33:00,589 - INFO - Data ditemukan: Universitas Prima…Indonesia
2025-01-19 15:33:00,589 - INFO - Data ditemukan: Universitas Bakrie
2025-01-19 15:33:00,589 - INFO - Data ditemukan: Universitas Muslim…Indonesia
2025-01-19 15:33:00,590 - INFO - Data ditemukan: Universitas Sam Ratulangi
2025-01-19 15:33:00,590 - INFO - Data ditemukan: Universitas Trisakti
2025-01-19 15:33:00,590 - INFO - Data ditemukan: Universitas Bina Darma
2025-01-19 15:33:00,590 - INFO - Data ditemukan: Universitas Subang
2025-01-19 15:33:00,591 - INFO - Data ditemukan: Universitas Sembilanbelas…November
2025-01-19 15:33:00,591 - INFO - Data ditemukan: Universitas AMIKOM…Yogyakarta
2025-01-19 15:33:00,591 - INFO - Data ditemukan: Universitas Islam Negeri…Sultan Syarif Kasim Riau
2025-01-19 15:33:00,592 - INFO - Data ditemukan: Universitas Muhammadiyah…Gorontalo
2025-01-19 15:33:00,592 - INFO - Data ditemukan: Universiti Malaya…(Malaysia)
2025-01-19 15:33:00,622 - INFO - Tidak ada tombol 'Lihat kampus lain' atau tombol tidak dapat diklik.
2025-01-19 15:33:00,626 - INFO - Data berhasil disimpan di data/daftar_kampus_si.csv
